<?xml version="1.0" encoding="UTF-8"?>
<!-- Generated by org.testng.reporters.JUnitXMLReporter -->
<testsuite ignored="0" hostname="U-DL1J8D3" failures="0" tests="11" name="TestName" time="946.368" errors="0" timestamp="2024-08-04T15:11:31 IST">
  <testcase classname="helpDesk.HelpDeskFlows" name="createUSR" time="65.315"/>
  <testcase classname="helpDesk.HelpDeskFlows" name="tagUSR_Resolved" time="101.676"/>
  <testcase classname="helpDesk.HelpDeskFlows" name="helpDeskOfficer_returningUSRToHD" time="69.524"/>
  <testcase classname="helpDesk.HelpDeskFlows" name="addAndUpdateKnowledgeBase" time="43.148"/>
  <testcase classname="helpDesk.HelpDeskFlows" name="SGP_HandleUSR" time="163.857"/>
  <testcase classname="helpDesk.HelpDeskFlows" name="submitUSR_onBehalfOfUser" time="38.717"/>
  <testcase classname="helpDesk.HelpDeskFlows" name="SGC_ResolvingUSR" time="113.663"/>
  <testcase classname="helpDesk.HelpDeskFlows" name="SGCSelectsPendingUSR" time="98.581"/>
  <testcase classname="helpDesk.HelpDeskFlows" name="verifyAttachInReply" time="66.294"/>
  <testcase classname="helpDesk.HelpDeskFlows" name="verifyReopenForClosedUSR" time="110.979"/>
  <testcase classname="helpDesk.HelpDeskFlows" name="OS_ResponseOnFeedback" time="74.547"/>
</testsuite> <!-- TestName -->
